<?xml version="1.0" encoding="UTF-8"?>
<testng-results skipped="0" failed="0" total="1" passed="1">
  <reporter-output>
  </reporter-output>
  <suite name="Default suite" duration-ms="79704" started-at="2016-09-08T14:39:11Z" finished-at="2016-09-08T14:40:31Z">
    <groups>
    </groups>
    <test name="Default test" duration-ms="79704" started-at="2016-09-08T14:39:11Z" finished-at="2016-09-08T14:40:31Z">
      <class name="test.TestAli">
        <test-method status="PASS" signature="beforeClass()[pri:0, instance:test.TestAli@3c09711b]" name="beforeClass" is-config="true" duration-ms="20752" started-at="2016-09-08T16:39:11Z" finished-at="2016-09-08T16:39:32Z">
          <reporter-output>
          </reporter-output>
        </test-method> <!-- beforeClass -->
        <test-method status="PASS" signature="f()[pri:0, instance:test.TestAli@3c09711b]" name="f" duration-ms="57272" started-at="2016-09-08T16:39:32Z" finished-at="2016-09-08T16:40:29Z">
          <reporter-output>
          </reporter-output>
        </test-method> <!-- f -->
        <test-method status="PASS" signature="afterClass()[pri:0, instance:test.TestAli@3c09711b]" name="afterClass" is-config="true" duration-ms="1635" started-at="2016-09-08T16:40:29Z" finished-at="2016-09-08T16:40:31Z">
          <reporter-output>
          </reporter-output>
        </test-method> <!-- afterClass -->
      </class> <!-- test.TestAli -->
    </test> <!-- Default test -->
  </suite> <!-- Default suite -->
</testng-results>
